100.09.26 11:01 B C:\httpd\HtDocs\Courses\Yale\Econ325\2000_part2.pdf <-- Yale /home/r15/rkl4/public_html/Courses/Econ325b 2000_part2.pdf
100.09.26 11:02 B C:\httpd\HtDocs\Courses\Yale\Econ325\2000_part3.pdf <-- Yale /home/r15/rkl4/public_html/Courses/Econ325b 2000_part3.pdf
100.09.26 11:02 B C:\httpd\HtDocs\Courses\Yale\Econ325\97_lec.pdf <-- Yale /home/r15/rkl4/public_html/Courses/Econ325b 97_lec.pdf
100.09.26 11:02 B C:\httpd\HtDocs\Courses\Yale\Econ325\Denison.pdf <-- Yale /home/r15/rkl4/public_html/Courses/Econ325b Denison.pdf
100.09.26 11:02 B C:\httpd\HtDocs\Courses\Yale\Econ325\Econ325b1.sas <-- Yale /home/r15/rkl4/public_html/Courses/Econ325b Econ325b1.sas
100.09.26 11:02 B C:\httpd\HtDocs\Courses\Yale\Econ325\Econ325b2.html <-- Yale /home/r15/rkl4/public_html/Courses/Econ325b Econ325b2.html
100.09.26 11:02 B C:\httpd\HtDocs\Courses\Yale\Econ325\Econ325b3.html <-- Yale /home/r15/rkl4/public_html/Courses/Econ325b Econ325b3.html
100.09.26 11:02 B C:\httpd\HtDocs\Courses\Yale\Econ325\Econ325b4.html <-- Yale /home/r15/rkl4/public_html/Courses/Econ325b Econ325b4.html
100.09.26 11:02 B C:\httpd\HtDocs\Courses\Yale\Econ325\emp_proj2000.pdf <-- Yale /home/r15/rkl4/public_html/Courses/Econ325b emp_proj2000.pdf
100.09.26 11:02 B C:\httpd\HtDocs\Courses\Yale\Econ325\Entwisle.pdf <-- Yale /home/r15/rkl4/public_html/Courses/Econ325b Entwisle.pdf
100.09.26 11:02 B C:\httpd\HtDocs\Courses\Yale\Econ325\Health_Notes.pdf <-- Yale /home/r15/rkl4/public_html/Courses/Econ325b Health_Notes.pdf
100.09.26 11:02 B C:\httpd\HtDocs\Courses\Yale\Econ325\hw1.pdf <-- Yale /home/r15/rkl4/public_html/Courses/Econ325b hw1.pdf
100.09.26 11:02 B C:\httpd\HtDocs\Courses\Yale\Econ325\hw2.pdf <-- Yale /home/r15/rkl4/public_html/Courses/Econ325b hw2.pdf
100.09.26 11:02 B C:\httpd\HtDocs\Courses\Yale\Econ325\hw3.pdf <-- Yale /home/r15/rkl4/public_html/Courses/Econ325b hw3.pdf
100.09.26 11:02 B C:\httpd\HtDocs\Courses\Yale\Econ325\hw4_2000.pdf <-- Yale /home/r15/rkl4/public_html/Courses/Econ325b hw4_2000.pdf
100.09.26 11:03 B C:\httpd\HtDocs\Courses\Yale\Econ325\hw5_2000.pdf <-- Yale /home/r15/rkl4/public_html/Courses/Econ325b hw5_2000.pdf
100.09.26 11:03 B C:\httpd\HtDocs\Courses\Yale\Econ325\Mankiw.pdf <-- Yale /home/r15/rkl4/public_html/Courses/Econ325b Mankiw.pdf
100.09.26 11:06 B C:\httpd\HtDocs\Courses\Yale\Econ325\McNicoll.pdf <-- Yale /home/r15/rkl4/public_html/Courses/Econ325b McNicoll.pdf
100.09.26 11:06 B C:\httpd\HtDocs\Courses\Yale\Econ325\Mid2000R.pdf <-- Yale /home/r15/rkl4/public_html/Courses/Econ325b Mid2000R.pdf
100.09.26 11:06 B C:\httpd\HtDocs\Courses\Yale\Econ325\PS1SOL.PDF <-- Yale /home/r15/rkl4/public_html/Courses/Econ325b PS1SOL.PDF
100.09.26 11:06 B C:\httpd\HtDocs\Courses\Yale\Econ325\PS2SOL.PDF <-- Yale /home/r15/rkl4/public_html/Courses/Econ325b PS2SOL.PDF
100.09.26 11:06 B C:\httpd\HtDocs\Courses\Yale\Econ325\PS3SOL.PDF <-- Yale /home/r15/rkl4/public_html/Courses/Econ325b PS3SOL.PDF
100.09.26 11:06 B C:\httpd\HtDocs\Courses\Yale\Econ325\PS4SOL.PDF <-- Yale /home/r15/rkl4/public_html/Courses/Econ325b PS4SOL.PDF
100.09.26 11:06 B C:\httpd\HtDocs\Courses\Yale\Econ325\PS4SOLT.PDF <-- Yale /home/r15/rkl4/public_html/Courses/Econ325b PS4SOLT.PDF
100.09.26 11:06 B C:\httpd\HtDocs\Courses\Yale\Econ325\PS5SOL.PDF <-- Yale /home/r15/rkl4/public_html/Courses/Econ325b PS5SOL.PDF
100.09.26 11:07 B C:\httpd\HtDocs\Courses\Yale\Econ325\solow_with_graphs.pdf <-- Yale /home/r15/rkl4/public_html/Courses/Econ325b solow_with_graphs.pdf
100.09.26 11:07 B C:\httpd\HtDocs\Courses\Yale\Econ325\Syll325b.aux <-- Yale /home/r15/rkl4/public_html/Courses/Econ325b Syll325b.aux
100.09.26 11:07 B C:\httpd\HtDocs\Courses\Yale\Econ325\SYLL325B.BAK <-- Yale /home/r15/rkl4/public_html/Courses/Econ325b SYLL325B.BAK
100.09.26 11:07 B C:\httpd\HtDocs\Courses\Yale\Econ325\Syll325b.log <-- Yale /home/r15/rkl4/public_html/Courses/Econ325b Syll325b.log
100.09.26 11:07 B C:\httpd\HtDocs\Courses\Yale\Econ325\Syll325b.pdf <-- Yale /home/r15/rkl4/public_html/Courses/Econ325b Syll325b.pdf
100.09.26 11:07 B C:\httpd\HtDocs\Courses\Yale\Econ325\Syll325b.tex <-- Yale /home/r15/rkl4/public_html/Courses/Econ325b Syll325b.tex
100.09.26 11:07 B C:\httpd\HtDocs\Courses\Yale\Econ325\Syll325b.tex.$$$ <-- Yale /home/r15/rkl4/public_html/Courses/Econ325b Syll325b.tex.$$$
