97.08.27 18:30 B C:\HTTPD\HtDocs\Courses\Develop\WDI96\wdi_cont.pdf --> uhunix.its.hawaii.edu /home/32/lakshmi/public_html wdi_cont.pdf
97.08.27 18:30 B C:\HTTPD\HtDocs\Courses\Develop\WDI96\TABLE1.XLS --> uhunix.its.hawaii.edu /home/32/lakshmi/public_html/Courses/Develop TABLE1.XLS
97.08.27 18:30 B C:\HTTPD\HtDocs\Courses\Develop\WDI96\TABLE2.XLS --> uhunix.its.hawaii.edu /home/32/lakshmi/public_html/Courses/Develop TABLE2.XLS
97.08.27 18:35 B C:\HTTPD\HtDocs\Courses\Develop\WDI96\wdi_cont.pdf --> uhunix.its.hawaii.edu /home/32/lakshmi/public_html wdi_cont.pdf
97.08.27 18:38 B C:\HTTPD\HtDocs\Courses\Develop\WDI96\eco410.pdf --> uhunix.its.hawaii.edu /home/32/lakshmi/public_html eco410.pdf
97.08.27 18:42 B C:\HTTPD\HtDocs\Courses\Develop\WDI96\TABLE10.XLS --> uhunix.its.hawaii.edu /home/32/lakshmi/public_html/Courses/Develop TABLE10.XLS
97.08.27 18:42 B C:\HTTPD\HtDocs\Courses\Develop\WDI96\TABLE11.XLS --> uhunix.its.hawaii.edu /home/32/lakshmi/public_html/Courses/Develop TABLE11.XLS
97.08.27 18:42 B C:\HTTPD\HtDocs\Courses\Develop\WDI96\TABLE12.XLS --> uhunix.its.hawaii.edu /home/32/lakshmi/public_html/Courses/Develop TABLE12.XLS
97.08.27 18:42 B C:\HTTPD\HtDocs\Courses\Develop\WDI96\TABLE13.XLS --> uhunix.its.hawaii.edu /home/32/lakshmi/public_html/Courses/Develop TABLE13.XLS
97.08.27 18:42 B C:\HTTPD\HtDocs\Courses\Develop\WDI96\TABLE14.XLS --> uhunix.its.hawaii.edu /home/32/lakshmi/public_html/Courses/Develop TABLE14.XLS
97.08.27 18:43 B C:\HTTPD\HtDocs\Courses\Develop\WDI96\TABLE15.XLS --> uhunix.its.hawaii.edu /home/32/lakshmi/public_html/Courses/Develop TABLE15.XLS
97.08.27 18:43 B C:\HTTPD\HtDocs\Courses\Develop\WDI96\TABLE16.XLS --> uhunix.its.hawaii.edu /home/32/lakshmi/public_html/Courses/Develop TABLE16.XLS
97.08.27 18:43 B C:\HTTPD\HtDocs\Courses\Develop\WDI96\TABLE17.XLS --> uhunix.its.hawaii.edu /home/32/lakshmi/public_html/Courses/Develop TABLE17.XLS
97.08.27 18:43 B C:\HTTPD\HtDocs\Courses\Develop\WDI96\TABLE1A.XLS --> uhunix.its.hawaii.edu /home/32/lakshmi/public_html/Courses/Develop TABLE1A.XLS
97.08.27 18:43 B C:\HTTPD\HtDocs\Courses\Develop\WDI96\TABLE2.XLS --> uhunix.its.hawaii.edu /home/32/lakshmi/public_html/Courses/Develop TABLE2.XLS
97.08.27 18:43 B C:\HTTPD\HtDocs\Courses\Develop\WDI96\TABLE3.XLS --> uhunix.its.hawaii.edu /home/32/lakshmi/public_html/Courses/Develop TABLE3.XLS
97.08.27 18:43 B C:\HTTPD\HtDocs\Courses\Develop\WDI96\TABLE4.XLS --> uhunix.its.hawaii.edu /home/32/lakshmi/public_html/Courses/Develop TABLE4.XLS
97.08.27 18:43 B C:\HTTPD\HtDocs\Courses\Develop\WDI96\TABLE5.XLS --> uhunix.its.hawaii.edu /home/32/lakshmi/public_html/Courses/Develop TABLE5.XLS
97.08.27 18:43 B C:\HTTPD\HtDocs\Courses\Develop\WDI96\TABLE6.XLS --> uhunix.its.hawaii.edu /home/32/lakshmi/public_html/Courses/Develop TABLE6.XLS
97.08.27 18:43 B C:\HTTPD\HtDocs\Courses\Develop\WDI96\TABLE7.XLS --> uhunix.its.hawaii.edu /home/32/lakshmi/public_html/Courses/Develop TABLE7.XLS
97.08.27 18:43 B C:\HTTPD\HtDocs\Courses\Develop\WDI96\TABLE8.XLS --> uhunix.its.hawaii.edu /home/32/lakshmi/public_html/Courses/Develop TABLE8.XLS
97.08.27 18:43 B C:\HTTPD\HtDocs\Courses\Develop\WDI96\TABLE9.XLS --> uhunix.its.hawaii.edu /home/32/lakshmi/public_html/Courses/Develop TABLE9.XLS
97.08.27 18:47 B C:\HTTPD\HtDocs\Courses\Develop\WDI96\TABLE15.XLS --> uhunix.its.hawaii.edu /home/32/lakshmi/public_html/Courses/Develop TABLE15.XLS
97.08.27 18:47 B C:\HTTPD\HtDocs\Courses\Develop\WDI96\TABLE1.XLS --> uhunix.its.hawaii.edu /home/32/lakshmi/public_html/Courses/Develop TABLE1.XLS
97.08.27 18:47 B C:\HTTPD\HtDocs\Courses\Develop\WDI96\TABLE10.XLS --> uhunix.its.hawaii.edu /home/32/lakshmi/public_html/Courses/Develop TABLE10.XLS
97.08.27 18:48 B C:\HTTPD\HtDocs\Courses\Develop\WDI96\TABLE11.XLS --> uhunix.its.hawaii.edu /home/32/lakshmi/public_html/Courses/Develop TABLE11.XLS
97.08.27 18:48 B C:\HTTPD\HtDocs\Courses\Develop\WDI96\TABLE12.XLS --> uhunix.its.hawaii.edu /home/32/lakshmi/public_html/Courses/Develop TABLE12.XLS
97.08.27 18:48 B C:\HTTPD\HtDocs\Courses\Develop\WDI96\TABLE13.XLS --> uhunix.its.hawaii.edu /home/32/lakshmi/public_html/Courses/Develop TABLE13.XLS
97.08.27 18:48 B C:\HTTPD\HtDocs\Courses\Develop\WDI96\TABLE14.XLS --> uhunix.its.hawaii.edu /home/32/lakshmi/public_html/Courses/Develop TABLE14.XLS
97.08.27 18:48 B C:\HTTPD\HtDocs\Courses\Develop\WDI96\TABLE15.XLS --> uhunix.its.hawaii.edu /home/32/lakshmi/public_html/Courses/Develop TABLE15.XLS
97.08.27 18:48 B C:\HTTPD\HtDocs\Courses\Develop\WDI96\TABLE16.XLS --> uhunix.its.hawaii.edu /home/32/lakshmi/public_html/Courses/Develop TABLE16.XLS
97.08.27 18:48 B C:\HTTPD\HtDocs\Courses\Develop\WDI96\TABLE17.XLS --> uhunix.its.hawaii.edu /home/32/lakshmi/public_html/Courses/Develop TABLE17.XLS
97.08.27 18:48 B C:\HTTPD\HtDocs\Courses\Develop\WDI96\TABLE1A.XLS --> uhunix.its.hawaii.edu /home/32/lakshmi/public_html/Courses/Develop TABLE1A.XLS
97.08.27 18:49 B C:\HTTPD\HtDocs\Courses\Develop\WDI96\TABLE2.XLS --> uhunix.its.hawaii.edu /home/32/lakshmi/public_html/Courses/Develop TABLE2.XLS
97.08.27 18:49 B C:\HTTPD\HtDocs\Courses\Develop\WDI96\TABLE3.XLS --> uhunix.its.hawaii.edu /home/32/lakshmi/public_html/Courses/Develop TABLE3.XLS
97.08.27 18:49 B C:\HTTPD\HtDocs\Courses\Develop\WDI96\TABLE4.XLS --> uhunix.its.hawaii.edu /home/32/lakshmi/public_html/Courses/Develop TABLE4.XLS
97.08.27 18:49 B C:\HTTPD\HtDocs\Courses\Develop\WDI96\TABLE5.XLS --> uhunix.its.hawaii.edu /home/32/lakshmi/public_html/Courses/Develop TABLE5.XLS
97.08.27 18:49 B C:\HTTPD\HtDocs\Courses\Develop\WDI96\TABLE6.XLS --> uhunix.its.hawaii.edu /home/32/lakshmi/public_html/Courses/Develop TABLE6.XLS
97.08.27 18:49 B C:\HTTPD\HtDocs\Courses\Develop\WDI96\TABLE7.XLS --> uhunix.its.hawaii.edu /home/32/lakshmi/public_html/Courses/Develop TABLE7.XLS
97.08.27 18:49 B C:\HTTPD\HtDocs\Courses\Develop\WDI96\TABLE8.XLS --> uhunix.its.hawaii.edu /home/32/lakshmi/public_html/Courses/Develop TABLE8.XLS
97.08.27 18:49 B C:\HTTPD\HtDocs\Courses\Develop\WDI96\TABLE9.XLS --> uhunix.its.hawaii.edu /home/32/lakshmi/public_html/Courses/Develop TABLE9.XLS
98.06.02 14:57 B C:\HTTPD\HtDocs\Courses\WDI96\Anti-Vir.Dat --> uhunix3.its.hawaii.edu /home/32/lakshmi/public_html/Courses/WDI96 Anti-Vir.Dat
98.06.02 14:57 B C:\HTTPD\HtDocs\Courses\WDI96\CONTENTS.DOC --> uhunix3.its.hawaii.edu /home/32/lakshmi/public_html/Courses/WDI96 CONTENTS.DOC
98.06.02 14:57 B C:\HTTPD\HtDocs\Courses\WDI96\contents.pdf --> uhunix3.its.hawaii.edu /home/32/lakshmi/public_html/Courses/WDI96 contents.pdf
98.06.02 14:57 B C:\HTTPD\HtDocs\Courses\WDI96\INTRO.DOC --> uhunix3.its.hawaii.edu /home/32/lakshmi/public_html/Courses/WDI96 INTRO.DOC
98.06.02 14:57 B C:\HTTPD\HtDocs\Courses\WDI96\KEY.DOC --> uhunix3.its.hawaii.edu /home/32/lakshmi/public_html/Courses/WDI96 KEY.DOC
98.06.02 14:57 B C:\HTTPD\HtDocs\Courses\WDI96\SOURCES.DOC --> uhunix3.its.hawaii.edu /home/32/lakshmi/public_html/Courses/WDI96 SOURCES.DOC
98.06.02 14:58 B C:\HTTPD\HtDocs\Courses\WDI96\table1.pdf --> uhunix3.its.hawaii.edu /home/32/lakshmi/public_html/Courses/WDI96 table1.pdf
98.06.02 14:58 B C:\HTTPD\HtDocs\Courses\WDI96\TABLE1.XLS --> uhunix3.its.hawaii.edu /home/32/lakshmi/public_html/Courses/WDI96 TABLE1.XLS
98.06.02 14:58 B C:\HTTPD\HtDocs\Courses\WDI96\TABLE10.XLS --> uhunix3.its.hawaii.edu /home/32/lakshmi/public_html/Courses/WDI96 TABLE10.XLS
98.06.02 14:58 B C:\HTTPD\HtDocs\Courses\WDI96\TABLE11.XLS --> uhunix3.its.hawaii.edu /home/32/lakshmi/public_html/Courses/WDI96 TABLE11.XLS
98.06.02 14:58 B C:\HTTPD\HtDocs\Courses\WDI96\TABLE12.XLS --> uhunix3.its.hawaii.edu /home/32/lakshmi/public_html/Courses/WDI96 TABLE12.XLS
98.06.02 14:58 B C:\HTTPD\HtDocs\Courses\WDI96\TABLE13.XLS --> uhunix3.its.hawaii.edu /home/32/lakshmi/public_html/Courses/WDI96 TABLE13.XLS
98.06.02 14:58 B C:\HTTPD\HtDocs\Courses\WDI96\TABLE14.XLS --> uhunix3.its.hawaii.edu /home/32/lakshmi/public_html/Courses/WDI96 TABLE14.XLS
98.06.02 14:58 B C:\HTTPD\HtDocs\Courses\WDI96\table15.pdf --> uhunix3.its.hawaii.edu /home/32/lakshmi/public_html/Courses/WDI96 table15.pdf
98.06.02 14:58 B C:\HTTPD\HtDocs\Courses\WDI96\TABLE15.XLS --> uhunix3.its.hawaii.edu /home/32/lakshmi/public_html/Courses/WDI96 TABLE15.XLS
98.06.02 14:58 B C:\HTTPD\HtDocs\Courses\WDI96\table16.pdf --> uhunix3.its.hawaii.edu /home/32/lakshmi/public_html/Courses/WDI96 table16.pdf
98.06.02 14:58 B C:\HTTPD\HtDocs\Courses\WDI96\TABLE16.XLS --> uhunix3.its.hawaii.edu /home/32/lakshmi/public_html/Courses/WDI96 TABLE16.XLS
98.06.02 14:59 B C:\HTTPD\HtDocs\Courses\WDI96\table17.pdf --> uhunix3.its.hawaii.edu /home/32/lakshmi/public_html/Courses/WDI96 table17.pdf
98.06.02 14:59 B C:\HTTPD\HtDocs\Courses\WDI96\TABLE17.XLS --> uhunix3.its.hawaii.edu /home/32/lakshmi/public_html/Courses/WDI96 TABLE17.XLS
98.06.02 14:59 B C:\HTTPD\HtDocs\Courses\WDI96\TABLE1A.XLS --> uhunix3.its.hawaii.edu /home/32/lakshmi/public_html/Courses/WDI96 TABLE1A.XLS
98.06.02 14:59 B C:\HTTPD\HtDocs\Courses\WDI96\table2.pdf --> uhunix3.its.hawaii.edu /home/32/lakshmi/public_html/Courses/WDI96 table2.pdf
98.06.02 14:59 B C:\HTTPD\HtDocs\Courses\WDI96\TABLE2.XLS --> uhunix3.its.hawaii.edu /home/32/lakshmi/public_html/Courses/WDI96 TABLE2.XLS
98.06.02 14:59 B C:\HTTPD\HtDocs\Courses\WDI96\table3.pdf --> uhunix3.its.hawaii.edu /home/32/lakshmi/public_html/Courses/WDI96 table3.pdf
98.06.02 14:59 B C:\HTTPD\HtDocs\Courses\WDI96\TABLE3.XLS --> uhunix3.its.hawaii.edu /home/32/lakshmi/public_html/Courses/WDI96 TABLE3.XLS
98.06.02 14:59 B C:\HTTPD\HtDocs\Courses\WDI96\table4.pdf --> uhunix3.its.hawaii.edu /home/32/lakshmi/public_html/Courses/WDI96 table4.pdf
98.06.02 14:59 B C:\HTTPD\HtDocs\Courses\WDI96\TABLE4.XLS --> uhunix3.its.hawaii.edu /home/32/lakshmi/public_html/Courses/WDI96 TABLE4.XLS
98.06.02 14:59 B C:\HTTPD\HtDocs\Courses\WDI96\table5.pdf --> uhunix3.its.hawaii.edu /home/32/lakshmi/public_html/Courses/WDI96 table5.pdf
98.06.02 14:59 B C:\HTTPD\HtDocs\Courses\WDI96\TABLE5.XLS --> uhunix3.its.hawaii.edu /home/32/lakshmi/public_html/Courses/WDI96 TABLE5.XLS
98.06.02 14:59 B C:\HTTPD\HtDocs\Courses\WDI96\table6.pdf --> uhunix3.its.hawaii.edu /home/32/lakshmi/public_html/Courses/WDI96 table6.pdf
98.06.02 14:59 B C:\HTTPD\HtDocs\Courses\WDI96\TABLE6.XLS --> uhunix3.its.hawaii.edu /home/32/lakshmi/public_html/Courses/WDI96 TABLE6.XLS
98.06.02 14:59 B C:\HTTPD\HtDocs\Courses\WDI96\table7.pdf --> uhunix3.its.hawaii.edu /home/32/lakshmi/public_html/Courses/WDI96 table7.pdf
98.06.02 14:59 B C:\HTTPD\HtDocs\Courses\WDI96\TABLE7.XLS --> uhunix3.its.hawaii.edu /home/32/lakshmi/public_html/Courses/WDI96 TABLE7.XLS
98.06.02 14:59 B C:\HTTPD\HtDocs\Courses\WDI96\TABLE8.XLS --> uhunix3.its.hawaii.edu /home/32/lakshmi/public_html/Courses/WDI96 TABLE8.XLS
98.06.02 14:59 B C:\HTTPD\HtDocs\Courses\WDI96\TABLE9.XLS --> uhunix3.its.hawaii.edu /home/32/lakshmi/public_html/Courses/WDI96 TABLE9.XLS
98.06.02 14:59 B C:\HTTPD\HtDocs\Courses\WDI96\TECHNOTE.DOC --> uhunix3.its.hawaii.edu /home/32/lakshmi/public_html/Courses/WDI96 TECHNOTE.DOC
98.06.02 14:59 B C:\HTTPD\HtDocs\Courses\WDI96\wdi96.exe --> uhunix3.its.hawaii.edu /home/32/lakshmi/public_html/Courses/WDI96 wdi96.exe
98.06.02 14:59 B C:\HTTPD\HtDocs\Courses\WDI96\wdi_cont.pdf --> uhunix3.its.hawaii.edu /home/32/lakshmi/public_html/Courses/WDI96 wdi_cont.pdf
100.08.19 15:03 B C:\Temp\tt\WDI96\WS_FTP.LOG <-- uhunix3 /home/32/lakshmi/public_html/Courses/WDI96 WS_FTP.LOG
